TN:
SF:/Users/gabrielgonzalez/workspace/study/vuejs-tests/unit-test-vue/src/components/AlertMessage.vue
FN:10,(anonymous_1)
FN:19,(anonymous_2)
FN:24,(anonymous_3)
FN:25,(anonymous_4)
FN:32,(anonymous_5)
FN:37,(anonymous_6)
FNF:6
FNH:6
FNDA:3,(anonymous_1)
FNDA:7,(anonymous_2)
FNDA:3,(anonymous_3)
FNDA:7,(anonymous_4)
FNDA:1,(anonymous_5)
FNDA:1,(anonymous_6)
DA:11,3
DA:20,7
DA:25,3
DA:27,7
DA:28,8
DA:33,1
DA:34,1
DA:38,1
LF:8
LH:8
BRDA:28,0,0,1
BRDA:28,0,1,6
BRF:2
BRH:2
end_of_record
TN:
SF:/Users/gabrielgonzalez/workspace/study/vuejs-tests/unit-test-vue/src/components/FruitBasket.vue
FN:16,(anonymous_1)
FN:24,(anonymous_2)
FNF:2
FNH:2
FNDA:2,(anonymous_1)
FNDA:1,(anonymous_2)
DA:17,2
DA:25,1
DA:26,1
DA:27,1
LF:4
LH:4
BRDA:25,0,0,0
BRDA:25,0,1,1
BRF:2
BRH:1
end_of_record
TN:
SF:/Users/gabrielgonzalez/workspace/study/vuejs-tests/unit-test-vue/src/components/GithubCard.vue
FN:20,(anonymous_1)
FN:29,(anonymous_2)
FN:33,(anonymous_3)
FNF:3
FNH:3
FNDA:2,(anonymous_1)
FNDA:1,(anonymous_2)
FNDA:1,(anonymous_3)
DA:21,2
DA:30,1
DA:34,1
DA:35,1
DA:36,1
LF:5
LH:5
BRF:0
BRH:0
end_of_record
TN:
SF:/Users/gabrielgonzalez/workspace/study/vuejs-tests/unit-test-vue/src/components/HelloWorld.vue
FNF:0
FNH:0
DA:42,1
LF:1
LH:1
BRF:0
BRH:0
end_of_record
TN:
SF:/Users/gabrielgonzalez/workspace/study/vuejs-tests/unit-test-vue/src/components/RedListItem.vue
FNF:0
FNH:0
DA:12,2
LF:1
LH:1
BRF:0
BRH:0
end_of_record
TN:
SF:/Users/gabrielgonzalez/workspace/study/vuejs-tests/unit-test-vue/src/components/SaladBowl.vue
FN:11,(anonymous_1)
FNF:1
FNH:0
FNDA:0,(anonymous_1)
DA:8,0
DA:12,0
LF:2
LH:0
BRF:0
BRH:0
end_of_record
TN:
SF:/Users/gabrielgonzalez/workspace/study/vuejs-tests/unit-test-vue/src/components/StrongRedListItem.vue
FNF:0
FNH:0
DA:12,2
LF:1
LH:1
BRF:0
BRH:0
end_of_record
TN:
SF:/Users/gabrielgonzalez/workspace/study/vuejs-tests/unit-test-vue/src/components/Temperature.vue
FN:12,(anonymous_1)
FN:20,(anonymous_2)
FN:28,(anonymous_3)
FN:40,(anonymous_4)
FNF:4
FNH:4
FNDA:3,(anonymous_1)
FNDA:6,(anonymous_2)
FNDA:6,(anonymous_3)
FNDA:4,(anonymous_4)
DA:13,3
DA:21,6
DA:22,5
DA:25,1
DA:29,6
DA:30,1
DA:33,5
DA:41,6
DA:42,2
DA:43,2
LF:10
LH:10
BRDA:21,0,0,5
BRDA:21,0,1,1
BRDA:29,1,0,1
BRDA:29,1,1,5
BRDA:41,2,0,2
BRDA:41,2,1,2
BRDA:43,3,0,1
BRDA:43,3,1,1
BRF:8
BRH:8
end_of_record
TN:
SF:/Users/gabrielgonzalez/workspace/study/vuejs-tests/unit-test-vue/src/components/Test.vue
FN:15,(anonymous_1)
FNF:1
FNH:1
FNDA:2,(anonymous_1)
DA:16,2
LF:1
LH:1
BRF:0
BRH:0
end_of_record
TN:
SF:/Users/gabrielgonzalez/workspace/study/vuejs-tests/unit-test-vue/src/router/index.js
FN:25,(anonymous_0)
FNF:1
FNH:0
FNDA:0,(anonymous_0)
DA:6,0
DA:8,0
DA:25,0
DA:29,0
LF:4
LH:0
BRF:0
BRH:0
end_of_record
TN:
SF:/Users/gabrielgonzalez/workspace/study/vuejs-tests/unit-test-vue/src/store/index.js
FNF:0
FNH:0
DA:4,0
LF:1
LH:0
BRF:0
BRH:0
end_of_record
TN:
SF:/Users/gabrielgonzalez/workspace/study/vuejs-tests/unit-test-vue/src/views/Home.vue
FNF:0
FNH:0
DA:10,0
LF:1
LH:0
BRF:0
BRH:0
end_of_record
TN:
SF:/Users/gabrielgonzalez/workspace/study/vuejs-tests/unit-test-vue/src/views/List.vue
FN:21,(anonymous_1)
FNF:1
FNH:1
FNDA:2,(anonymous_1)
DA:14,2
DA:22,2
LF:2
LH:2
BRF:0
BRH:0
end_of_record
